2024-07-02T15:27:03.151+01:00  INFO 23576 --- [ticketing] [restartedMain] c.jira.ticketing.TicketingApplication    : Starting TicketingApplication using Java 17.0.7 with PID 23576 (/Users/sidsriwastav/Documents/01M3/01WRK/LearnApps/ticketing/target/classes started by sidsriwastav in /Users/sidsriwastav/Documents/01M3/01WRK/LearnApps/ticketing)
2024-07-02T15:27:03.154+01:00  INFO 23576 --- [ticketing] [restartedMain] c.jira.ticketing.TicketingApplication    : No active profile set, falling back to 1 default profile: "default"
2024-07-02T15:27:03.175+01:00  INFO 23576 --- [ticketing] [restartedMain] .e.DevToolsPropertyDefaultsPostProcessor : Devtools property defaults active! Set 'spring.devtools.add-properties' to 'false' to disable
2024-07-02T15:27:03.175+01:00  INFO 23576 --- [ticketing] [restartedMain] .e.DevToolsPropertyDefaultsPostProcessor : For additional web related logging consider setting the 'logging.level.web' property to 'DEBUG'
2024-07-02T15:27:03.450+01:00  INFO 23576 --- [ticketing] [restartedMain] .s.d.r.c.RepositoryConfigurationDelegate : Bootstrapping Spring Data JPA repositories in DEFAULT mode.
2024-07-02T15:27:03.473+01:00  INFO 23576 --- [ticketing] [restartedMain] .s.d.r.c.RepositoryConfigurationDelegate : Finished Spring Data repository scanning in 19 ms. Found 3 JPA repository interfaces.
2024-07-02T15:27:03.700+01:00  INFO 23576 --- [ticketing] [restartedMain] o.s.b.w.embedded.tomcat.TomcatWebServer  : Tomcat initialized with port 8080 (http)
2024-07-02T15:27:03.705+01:00  INFO 23576 --- [ticketing] [restartedMain] o.apache.catalina.core.StandardService   : Starting service [Tomcat]
2024-07-02T15:27:03.705+01:00  INFO 23576 --- [ticketing] [restartedMain] o.apache.catalina.core.StandardEngine    : Starting Servlet engine: [Apache Tomcat/10.1.25]
2024-07-02T15:27:03.721+01:00  INFO 23576 --- [ticketing] [restartedMain] o.a.c.c.C.[Tomcat].[localhost].[/]       : Initializing Spring embedded WebApplicationContext
2024-07-02T15:27:03.721+01:00  INFO 23576 --- [ticketing] [restartedMain] w.s.c.ServletWebServerApplicationContext : Root WebApplicationContext: initialization completed in 546 ms
2024-07-02T15:27:03.788+01:00  INFO 23576 --- [ticketing] [restartedMain] o.hibernate.jpa.internal.util.LogHelper  : HHH000204: Processing PersistenceUnitInfo [name: default]
2024-07-02T15:27:03.818+01:00  INFO 23576 --- [ticketing] [restartedMain] org.hibernate.Version                    : HHH000412: Hibernate ORM core version 6.5.2.Final
2024-07-02T15:27:03.833+01:00  INFO 23576 --- [ticketing] [restartedMain] o.h.c.internal.RegionFactoryInitiator    : HHH000026: Second-level cache disabled
2024-07-02T15:27:03.959+01:00  INFO 23576 --- [ticketing] [restartedMain] o.s.o.j.p.SpringPersistenceUnitInfo      : No LoadTimeWeaver setup: ignoring JPA class transformer
2024-07-02T15:27:03.973+01:00  INFO 23576 --- [ticketing] [restartedMain] com.zaxxer.hikari.HikariDataSource       : HikariPool-1 - Starting...
2024-07-02T15:27:04.125+01:00  INFO 23576 --- [ticketing] [restartedMain] com.zaxxer.hikari.pool.HikariPool        : HikariPool-1 - Added connection com.mysql.cj.jdbc.ConnectionImpl@5d51ca91
2024-07-02T15:27:04.126+01:00  INFO 23576 --- [ticketing] [restartedMain] com.zaxxer.hikari.HikariDataSource       : HikariPool-1 - Start completed.
2024-07-02T15:27:04.161+01:00  WARN 23576 --- [ticketing] [restartedMain] org.hibernate.orm.deprecation            : HHH90000025: MySQL8Dialect does not need to be specified explicitly using 'hibernate.dialect' (remove the property setting and it will be selected by default)
2024-07-02T15:27:04.161+01:00  WARN 23576 --- [ticketing] [restartedMain] org.hibernate.orm.deprecation            : HHH90000026: MySQL8Dialect has been deprecated; use org.hibernate.dialect.MySQLDialect instead
2024-07-02T15:27:04.502+01:00  INFO 23576 --- [ticketing] [restartedMain] o.h.e.t.j.p.i.JtaPlatformInitiator       : HHH000489: No JTA platform available (set 'hibernate.transaction.jta.platform' to enable JTA platform integration)
2024-07-02T15:27:04.563+01:00  INFO 23576 --- [ticketing] [restartedMain] j.LocalContainerEntityManagerFactoryBean : Initialized JPA EntityManagerFactory for persistence unit 'default'
2024-07-02T15:27:04.686+01:00  INFO 23576 --- [ticketing] [restartedMain] o.s.d.j.r.query.QueryEnhancerFactory     : Hibernate is in classpath; If applicable, HQL parser will be used.
2024-07-02T15:27:04.831+01:00  WARN 23576 --- [ticketing] [restartedMain] JpaBaseConfiguration$JpaWebConfiguration : spring.jpa.open-in-view is enabled by default. Therefore, database queries may be performed during view rendering. Explicitly configure spring.jpa.open-in-view to disable this warning
2024-07-02T15:27:04.844+01:00  INFO 23576 --- [ticketing] [restartedMain] eAuthenticationProviderManagerConfigurer : Global AuthenticationManager configured with AuthenticationProvider bean with name authenticationProvider
2024-07-02T15:27:04.845+01:00  WARN 23576 --- [ticketing] [restartedMain] r$InitializeUserDetailsManagerConfigurer : Global AuthenticationManager configured with an AuthenticationProvider bean. UserDetailsService beans will not be used for username/password login. Consider removing the AuthenticationProvider bean. Alternatively, consider using the UserDetailsService in a manually instantiated DaoAuthenticationProvider.
2024-07-02T15:27:05.025+01:00  INFO 23576 --- [ticketing] [restartedMain] o.s.b.d.a.OptionalLiveReloadServer       : LiveReload server is running on port 35729
2024-07-02T15:27:05.043+01:00  INFO 23576 --- [ticketing] [restartedMain] o.s.b.w.embedded.tomcat.TomcatWebServer  : Tomcat started on port 8080 (http) with context path '/'
2024-07-02T15:27:05.048+01:00  INFO 23576 --- [ticketing] [restartedMain] c.jira.ticketing.TicketingApplication    : Started TicketingApplication in 2.067 seconds (process running for 2.392)
2024-07-02T15:27:17.272+01:00  INFO 23576 --- [ticketing] [http-nio-8080-exec-2] o.a.c.c.C.[Tomcat].[localhost].[/]       : Initializing Spring DispatcherServlet 'dispatcherServlet'
2024-07-02T15:27:17.274+01:00  INFO 23576 --- [ticketing] [http-nio-8080-exec-2] o.s.web.servlet.DispatcherServlet        : Initializing Servlet 'dispatcherServlet'
2024-07-02T15:27:17.278+01:00  INFO 23576 --- [ticketing] [http-nio-8080-exec-2] o.s.web.servlet.DispatcherServlet        : Completed initialization in 4 ms
2024-07-02T15:27:17.590+01:00  INFO 23576 --- [ticketing] [http-nio-8080-exec-2] c.jira.ticketing.service.TicketService   : about to save ticketDto
2024-07-02T15:27:17.591+01:00  INFO 23576 --- [ticketing] [http-nio-8080-exec-2] c.jira.ticketing.service.TicketService   : this is from slf4j
2024-07-02T15:32:03.990+01:00  INFO 23576 --- [ticketing] [File Watcher] rtingClassPathChangeChangedEventListener : Restarting due to 1 class path change (0 additions, 0 deletions, 1 modification)
2024-07-02T15:32:04.019+01:00  INFO 23576 --- [ticketing] [Thread-5] j.LocalContainerEntityManagerFactoryBean : Closing JPA EntityManagerFactory for persistence unit 'default'
2024-07-02T15:32:04.031+01:00  INFO 23576 --- [ticketing] [Thread-5] com.zaxxer.hikari.HikariDataSource       : HikariPool-1 - Shutdown initiated...
2024-07-02T15:32:04.048+01:00  INFO 23576 --- [ticketing] [Thread-5] com.zaxxer.hikari.HikariDataSource       : HikariPool-1 - Shutdown completed.
2024-07-02T15:32:04.104+01:00  INFO 23576 --- [ticketing] [restartedMain] c.jira.ticketing.TicketingApplication    : Starting TicketingApplication using Java 17.0.7 with PID 23576 (/Users/sidsriwastav/Documents/01M3/01WRK/LearnApps/ticketing/target/classes started by sidsriwastav in /Users/sidsriwastav/Documents/01M3/01WRK/LearnApps/ticketing)
2024-07-02T15:32:04.104+01:00  INFO 23576 --- [ticketing] [restartedMain] c.jira.ticketing.TicketingApplication    : No active profile set, falling back to 1 default profile: "default"
2024-07-02T15:32:04.201+01:00  INFO 23576 --- [ticketing] [restartedMain] .s.d.r.c.RepositoryConfigurationDelegate : Bootstrapping Spring Data JPA repositories in DEFAULT mode.
2024-07-02T15:32:04.210+01:00  INFO 23576 --- [ticketing] [restartedMain] .s.d.r.c.RepositoryConfigurationDelegate : Finished Spring Data repository scanning in 7 ms. Found 3 JPA repository interfaces.
2024-07-02T15:32:04.276+01:00  INFO 23576 --- [ticketing] [restartedMain] o.s.b.w.embedded.tomcat.TomcatWebServer  : Tomcat initialized with port 8080 (http)
2024-07-02T15:32:04.276+01:00  INFO 23576 --- [ticketing] [restartedMain] o.apache.catalina.core.StandardService   : Starting service [Tomcat]
2024-07-02T15:32:04.277+01:00  INFO 23576 --- [ticketing] [restartedMain] o.apache.catalina.core.StandardEngine    : Starting Servlet engine: [Apache Tomcat/10.1.25]
2024-07-02T15:32:04.281+01:00  INFO 23576 --- [ticketing] [restartedMain] o.a.c.c.C.[Tomcat].[localhost].[/]       : Initializing Spring embedded WebApplicationContext
2024-07-02T15:32:04.281+01:00  INFO 23576 --- [ticketing] [restartedMain] w.s.c.ServletWebServerApplicationContext : Root WebApplicationContext: initialization completed in 176 ms
2024-07-02T15:32:04.302+01:00  INFO 23576 --- [ticketing] [restartedMain] o.hibernate.jpa.internal.util.LogHelper  : HHH000204: Processing PersistenceUnitInfo [name: default]
2024-07-02T15:32:04.304+01:00  INFO 23576 --- [ticketing] [restartedMain] o.h.c.internal.RegionFactoryInitiator    : HHH000026: Second-level cache disabled
2024-07-02T15:32:04.309+01:00  INFO 23576 --- [ticketing] [restartedMain] o.s.o.j.p.SpringPersistenceUnitInfo      : No LoadTimeWeaver setup: ignoring JPA class transformer
2024-07-02T15:32:04.309+01:00  INFO 23576 --- [ticketing] [restartedMain] com.zaxxer.hikari.HikariDataSource       : HikariPool-2 - Starting...
2024-07-02T15:32:04.326+01:00  INFO 23576 --- [ticketing] [restartedMain] com.zaxxer.hikari.pool.HikariPool        : HikariPool-2 - Added connection com.mysql.cj.jdbc.ConnectionImpl@34d5411a
2024-07-02T15:32:04.326+01:00  INFO 23576 --- [ticketing] [restartedMain] com.zaxxer.hikari.HikariDataSource       : HikariPool-2 - Start completed.
2024-07-02T15:32:04.326+01:00  WARN 23576 --- [ticketing] [restartedMain] org.hibernate.orm.deprecation            : HHH90000025: MySQL8Dialect does not need to be specified explicitly using 'hibernate.dialect' (remove the property setting and it will be selected by default)
2024-07-02T15:32:04.326+01:00  WARN 23576 --- [ticketing] [restartedMain] org.hibernate.orm.deprecation            : HHH90000026: MySQL8Dialect has been deprecated; use org.hibernate.dialect.MySQLDialect instead
2024-07-02T15:32:04.355+01:00  INFO 23576 --- [ticketing] [restartedMain] o.h.e.t.j.p.i.JtaPlatformInitiator       : HHH000489: No JTA platform available (set 'hibernate.transaction.jta.platform' to enable JTA platform integration)
2024-07-02T15:32:04.401+01:00  INFO 23576 --- [ticketing] [restartedMain] j.LocalContainerEntityManagerFactoryBean : Initialized JPA EntityManagerFactory for persistence unit 'default'
2024-07-02T15:32:04.473+01:00  WARN 23576 --- [ticketing] [restartedMain] JpaBaseConfiguration$JpaWebConfiguration : spring.jpa.open-in-view is enabled by default. Therefore, database queries may be performed during view rendering. Explicitly configure spring.jpa.open-in-view to disable this warning
2024-07-02T15:32:04.480+01:00  INFO 23576 --- [ticketing] [restartedMain] eAuthenticationProviderManagerConfigurer : Global AuthenticationManager configured with AuthenticationProvider bean with name authenticationProvider
2024-07-02T15:32:04.481+01:00  WARN 23576 --- [ticketing] [restartedMain] r$InitializeUserDetailsManagerConfigurer : Global AuthenticationManager configured with an AuthenticationProvider bean. UserDetailsService beans will not be used for username/password login. Consider removing the AuthenticationProvider bean. Alternatively, consider using the UserDetailsService in a manually instantiated DaoAuthenticationProvider.
2024-07-02T15:32:04.591+01:00  INFO 23576 --- [ticketing] [restartedMain] o.s.b.d.a.OptionalLiveReloadServer       : LiveReload server is running on port 35729
2024-07-02T15:32:04.597+01:00  INFO 23576 --- [ticketing] [restartedMain] o.s.b.w.embedded.tomcat.TomcatWebServer  : Tomcat started on port 8080 (http) with context path '/'
2024-07-02T15:32:04.600+01:00  INFO 23576 --- [ticketing] [restartedMain] c.jira.ticketing.TicketingApplication    : Started TicketingApplication in 0.508 seconds (process running for 301.945)
2024-07-02T15:32:04.602+01:00  INFO 23576 --- [ticketing] [restartedMain] .ConditionEvaluationDeltaLoggingListener : Condition evaluation unchanged
